<?xml version="1.0" encoding="UTF-8"?>
<!-- Generated by org.testng.reporters.JUnitReportReporter -->
<testsuite hostname="MaryMelvitha" failures="0" tests="1" name="TestCaseScripts.RegistrationTest" time="36.988" errors="0" timestamp="2023-03-09T12:23:38 IST" skipped="0">
  <testcase classname="TestCaseScripts.RegistrationTest" name="register" time="36.988"/>
  <system-out/>
</testsuite> <!-- TestCaseScripts.RegistrationTest -->
