<?xml version="1.0" encoding="UTF-8"?>
<!-- Generated by org.testng.reporters.JUnitReportReporter -->
<testsuite hostname="MaryMelvitha" failures="0" tests="2" name="TestCaseScripts.LoginTest" time="18.918" errors="0" timestamp="2023-03-09T12:08:23 IST" skipped="0">
  <testcase classname="TestCaseScripts.LoginTest" name="Login" time="9.757"/>
  <system-out/>
  <testcase classname="TestCaseScripts.LoginTest" name="Login" time="9.161"/>
  <system-out/>
</testsuite> <!-- TestCaseScripts.LoginTest -->
